2020-12-28 14:13:36.070 [main] INFO  com.gmcc.yzcardmessage.YzcardmessageApplication - Starting YzcardmessageApplication on 3FBFOBOT04OG7VL with PID 4492 (D:\IDEASpace\yzcardmessage\target\classes started by Administrator in D:\IDEASpace\yzcardmessage)
2020-12-28 14:13:36.075 [main] INFO  com.gmcc.yzcardmessage.YzcardmessageApplication - The following profiles are active: dev
2020-12-28 14:13:36.128 [background-preinit] INFO  org.hibernate.validator.internal.util.Version - HV000001: Hibernate Validator 6.0.21.Final
2020-12-28 14:13:37.641 [main] INFO  org.springframework.boot.web.embedded.tomcat.TomcatWebServer - Tomcat initialized with port(s): 18091 (http)
2020-12-28 14:13:37.651 [main] INFO  org.apache.coyote.http11.Http11NioProtocol - Initializing ProtocolHandler ["http-nio-18091"]
2020-12-28 14:13:37.652 [main] INFO  org.apache.catalina.core.StandardService - Starting service [Tomcat]
2020-12-28 14:13:37.652 [main] INFO  org.apache.catalina.core.StandardEngine - Starting Servlet engine: [Apache Tomcat/9.0.41]
2020-12-28 14:13:37.750 [main] INFO  org.apache.catalina.core.ContainerBase.[Tomcat].[localhost].[/] - Initializing Spring embedded WebApplicationContext
2020-12-28 14:13:37.751 [main] INFO  org.springframework.boot.web.servlet.context.ServletWebServerApplicationContext - Root WebApplicationContext: initialization completed in 1602 ms
2020-12-28 14:13:38.425 [main] INFO  org.springframework.scheduling.concurrent.ThreadPoolTaskExecutor - Initializing ExecutorService 'applicationTaskExecutor'
2020-12-28 14:13:38.582 [main] INFO  org.springframework.scheduling.concurrent.ThreadPoolTaskScheduler - Initializing ExecutorService 'taskScheduler'
2020-12-28 14:13:38.626 [main] INFO  org.apache.coyote.http11.Http11NioProtocol - Starting ProtocolHandler ["http-nio-18091"]
2020-12-28 14:13:38.654 [main] INFO  org.springframework.boot.web.embedded.tomcat.TomcatWebServer - Tomcat started on port(s): 18091 (http) with context path ''
2020-12-28 14:13:38.658 [main] INFO  com.gmcc.yzcardmessage.YzcardmessageApplication - Started YzcardmessageApplication in 3.553 seconds (JVM running for 5.56)
2020-12-28 14:13:38.676 [main] INFO  com.zaxxer.hikari.HikariDataSource - HikariCP - Starting...
2020-12-28 14:13:39.821 [main] INFO  com.zaxxer.hikari.HikariDataSource - HikariCP - Start completed.
2020-12-28 14:13:39.859 [main] INFO  com.gmcc.yzcardmessage.service.impl.SendTradeMessageImpl - 本次记录待发送条数:0
2020-12-28 14:13:49.863 [main] INFO  com.gmcc.yzcardmessage.service.impl.SendTradeMessageImpl - 本次记录待发送条数:0
2020-12-28 14:13:59.864 [main] INFO  com.gmcc.yzcardmessage.service.impl.SendTradeMessageImpl - 本次记录待发送条数:0
2020-12-28 14:14:09.869 [main] INFO  com.gmcc.yzcardmessage.service.impl.SendTradeMessageImpl - 本次记录待发送条数:0
2020-12-28 14:14:19.870 [main] INFO  com.gmcc.yzcardmessage.service.impl.SendTradeMessageImpl - 本次记录待发送条数:0
2020-12-28 14:15:29.981 [main] INFO  com.gmcc.yzcardmessage.YzcardmessageApplication - Starting YzcardmessageApplication on 3FBFOBOT04OG7VL with PID 11528 (D:\IDEASpace\yzcardmessage\target\classes started by Administrator in D:\IDEASpace\yzcardmessage)
2020-12-28 14:15:29.986 [main] INFO  com.gmcc.yzcardmessage.YzcardmessageApplication - The following profiles are active: dev
2020-12-28 14:15:30.088 [background-preinit] INFO  org.hibernate.validator.internal.util.Version - HV000001: Hibernate Validator 6.0.21.Final
2020-12-28 14:15:31.597 [main] INFO  org.springframework.boot.web.embedded.tomcat.TomcatWebServer - Tomcat initialized with port(s): 18091 (http)
2020-12-28 14:15:31.609 [main] INFO  org.apache.coyote.http11.Http11NioProtocol - Initializing ProtocolHandler ["http-nio-18091"]
2020-12-28 14:15:31.610 [main] INFO  org.apache.catalina.core.StandardService - Starting service [Tomcat]
2020-12-28 14:15:31.611 [main] INFO  org.apache.catalina.core.StandardEngine - Starting Servlet engine: [Apache Tomcat/9.0.41]
2020-12-28 14:15:31.714 [main] INFO  org.apache.catalina.core.ContainerBase.[Tomcat].[localhost].[/] - Initializing Spring embedded WebApplicationContext
2020-12-28 14:15:31.715 [main] INFO  org.springframework.boot.web.servlet.context.ServletWebServerApplicationContext - Root WebApplicationContext: initialization completed in 1560 ms
2020-12-28 14:15:32.311 [main] INFO  org.springframework.scheduling.concurrent.ThreadPoolTaskExecutor - Initializing ExecutorService 'applicationTaskExecutor'
2020-12-28 14:15:32.460 [main] INFO  org.springframework.scheduling.concurrent.ThreadPoolTaskScheduler - Initializing ExecutorService 'taskScheduler'
2020-12-28 14:15:32.507 [main] INFO  org.apache.coyote.http11.Http11NioProtocol - Starting ProtocolHandler ["http-nio-18091"]
2020-12-28 14:15:32.550 [main] INFO  org.springframework.boot.web.embedded.tomcat.TomcatWebServer - Tomcat started on port(s): 18091 (http) with context path ''
2020-12-28 14:15:32.554 [main] INFO  com.gmcc.yzcardmessage.YzcardmessageApplication - Started YzcardmessageApplication in 3.36 seconds (JVM running for 5.408)
2020-12-28 14:15:32.578 [main] INFO  com.zaxxer.hikari.HikariDataSource - HikariCP - Starting...
2020-12-28 14:15:33.733 [main] INFO  com.zaxxer.hikari.HikariDataSource - HikariCP - Start completed.
2020-12-28 14:15:33.772 [main] INFO  com.gmcc.yzcardmessage.service.impl.SendTradeMessageImpl - 本次记录待发送条数:0
2020-12-28 14:15:43.824 [main] INFO  com.gmcc.yzcardmessage.service.impl.SendTradeMessageImpl - 本次记录待发送条数:0
2020-12-28 14:15:53.826 [main] INFO  com.gmcc.yzcardmessage.service.impl.SendTradeMessageImpl - 本次记录待发送条数:0
2020-12-28 14:16:03.828 [main] INFO  com.gmcc.yzcardmessage.service.impl.SendTradeMessageImpl - 本次记录待发送条数:0
2020-12-28 14:16:13.842 [main] INFO  com.gmcc.yzcardmessage.service.impl.SendTradeMessageImpl - 本次记录待发送条数:0
2020-12-28 14:16:23.844 [main] INFO  com.gmcc.yzcardmessage.service.impl.SendTradeMessageImpl - 本次记录待发送条数:0
2020-12-28 14:16:33.846 [main] INFO  com.gmcc.yzcardmessage.service.impl.SendTradeMessageImpl - 本次记录待发送条数:0
2020-12-28 14:16:43.848 [main] INFO  com.gmcc.yzcardmessage.service.impl.SendTradeMessageImpl - 本次记录待发送条数:0
2020-12-28 14:16:53.851 [main] INFO  com.gmcc.yzcardmessage.service.impl.SendTradeMessageImpl - 本次记录待发送条数:0
2020-12-28 14:49:25.995 [main] INFO  com.gmcc.yzcardmessage.YzcardmessageApplication - Starting YzcardmessageApplication on 3FBFOBOT04OG7VL with PID 12724 (D:\IDEASpace\yzcardmessage\target\classes started by Administrator in D:\IDEASpace\yzcardmessage)
2020-12-28 14:49:25.999 [main] INFO  com.gmcc.yzcardmessage.YzcardmessageApplication - The following profiles are active: dev
2020-12-28 14:49:26.294 [background-preinit] INFO  org.hibernate.validator.internal.util.Version - HV000001: Hibernate Validator 6.0.21.Final
2020-12-28 14:49:27.765 [main] INFO  org.springframework.boot.web.embedded.tomcat.TomcatWebServer - Tomcat initialized with port(s): 18091 (http)
2020-12-28 14:49:27.776 [main] INFO  org.apache.coyote.http11.Http11NioProtocol - Initializing ProtocolHandler ["http-nio-18091"]
2020-12-28 14:49:27.777 [main] INFO  org.apache.catalina.core.StandardService - Starting service [Tomcat]
2020-12-28 14:49:27.778 [main] INFO  org.apache.catalina.core.StandardEngine - Starting Servlet engine: [Apache Tomcat/9.0.41]
2020-12-28 14:49:27.892 [main] INFO  org.apache.catalina.core.ContainerBase.[Tomcat].[localhost].[/] - Initializing Spring embedded WebApplicationContext
2020-12-28 14:49:27.892 [main] INFO  org.springframework.boot.web.servlet.context.ServletWebServerApplicationContext - Root WebApplicationContext: initialization completed in 1788 ms
2020-12-28 14:49:28.493 [main] INFO  org.springframework.scheduling.concurrent.ThreadPoolTaskExecutor - Initializing ExecutorService 'applicationTaskExecutor'
2020-12-28 14:49:28.728 [main] INFO  org.springframework.scheduling.concurrent.ThreadPoolTaskScheduler - Initializing ExecutorService 'taskScheduler'
2020-12-28 14:49:28.778 [main] INFO  org.apache.coyote.http11.Http11NioProtocol - Starting ProtocolHandler ["http-nio-18091"]
2020-12-28 14:49:28.805 [main] INFO  org.springframework.boot.web.embedded.tomcat.TomcatWebServer - Tomcat started on port(s): 18091 (http) with context path ''
2020-12-28 14:49:28.808 [main] INFO  com.gmcc.yzcardmessage.YzcardmessageApplication - Started YzcardmessageApplication in 3.571 seconds (JVM running for 5.762)
2020-12-28 14:49:28.826 [main] INFO  com.zaxxer.hikari.HikariDataSource - HikariCP - Starting...
2020-12-28 14:49:30.104 [main] INFO  com.zaxxer.hikari.HikariDataSource - HikariCP - Start completed.
2020-12-28 14:49:30.152 [main] INFO  com.gmcc.yzcardmessage.service.impl.SendTradeMessageImpl - 本次记录待发送条数:0
2020-12-28 14:49:40.153 [main] INFO  com.gmcc.yzcardmessage.service.impl.SendTradeMessageImpl - 本次记录待发送条数:0
2020-12-28 14:49:50.156 [main] INFO  com.gmcc.yzcardmessage.service.impl.SendTradeMessageImpl - 本次记录待发送条数:0
2020-12-28 14:50:00.157 [main] INFO  com.gmcc.yzcardmessage.service.impl.SendTradeMessageImpl - 本次记录待发送条数:0
2020-12-28 14:50:10.159 [main] INFO  com.gmcc.yzcardmessage.service.impl.SendTradeMessageImpl - 本次记录待发送条数:0
2020-12-28 14:50:20.161 [main] INFO  com.gmcc.yzcardmessage.service.impl.SendTradeMessageImpl - 本次记录待发送条数:0
2020-12-28 14:50:30.164 [main] INFO  com.gmcc.yzcardmessage.service.impl.SendTradeMessageImpl - 本次记录待发送条数:0
2020-12-28 14:50:40.169 [main] INFO  com.gmcc.yzcardmessage.service.impl.SendTradeMessageImpl - 本次记录待发送条数:0
2020-12-28 14:50:50.174 [main] INFO  com.gmcc.yzcardmessage.service.impl.SendTradeMessageImpl - 本次记录待发送条数:0
2020-12-28 14:51:00.183 [main] INFO  com.gmcc.yzcardmessage.service.impl.SendTradeMessageImpl - 本次记录待发送条数:0
2020-12-28 14:59:10.704 [background-preinit] INFO  org.hibernate.validator.internal.util.Version - HV000001: Hibernate Validator 6.0.21.Final
2020-12-28 14:59:10.784 [main] INFO  com.gmcc.yzcardmessage.YzcardmessageApplication - Starting YzcardmessageApplication on 3FBFOBOT04OG7VL with PID 11476 (D:\IDEASpace\yzcardmessage\target\classes started by Administrator in D:\IDEASpace\yzcardmessage)
2020-12-28 14:59:10.785 [main] INFO  com.gmcc.yzcardmessage.YzcardmessageApplication - The following profiles are active: dev
2020-12-28 14:59:12.641 [main] INFO  org.springframework.boot.web.embedded.tomcat.TomcatWebServer - Tomcat initialized with port(s): 18091 (http)
2020-12-28 14:59:12.652 [main] INFO  org.apache.coyote.http11.Http11NioProtocol - Initializing ProtocolHandler ["http-nio-18091"]
2020-12-28 14:59:12.652 [main] INFO  org.apache.catalina.core.StandardService - Starting service [Tomcat]
2020-12-28 14:59:12.652 [main] INFO  org.apache.catalina.core.StandardEngine - Starting Servlet engine: [Apache Tomcat/9.0.41]
2020-12-28 14:59:12.802 [main] INFO  org.apache.catalina.core.ContainerBase.[Tomcat].[localhost].[/] - Initializing Spring embedded WebApplicationContext
2020-12-28 14:59:12.802 [main] INFO  org.springframework.boot.web.servlet.context.ServletWebServerApplicationContext - Root WebApplicationContext: initialization completed in 1870 ms
2020-12-28 14:59:13.550 [main] INFO  org.springframework.scheduling.concurrent.ThreadPoolTaskExecutor - Initializing ExecutorService 'applicationTaskExecutor'
2020-12-28 14:59:13.712 [main] INFO  org.springframework.scheduling.concurrent.ThreadPoolTaskScheduler - Initializing ExecutorService 'taskScheduler'
2020-12-28 14:59:13.762 [main] INFO  org.apache.coyote.http11.Http11NioProtocol - Starting ProtocolHandler ["http-nio-18091"]
2020-12-28 14:59:13.802 [main] INFO  org.springframework.boot.web.embedded.tomcat.TomcatWebServer - Tomcat started on port(s): 18091 (http) with context path ''
2020-12-28 14:59:13.805 [main] INFO  com.gmcc.yzcardmessage.YzcardmessageApplication - Started YzcardmessageApplication in 4.017 seconds (JVM running for 7.111)
2020-12-28 14:59:13.828 [main] INFO  com.zaxxer.hikari.HikariDataSource - HikariCP - Starting...
2020-12-28 14:59:15.059 [main] INFO  com.zaxxer.hikari.HikariDataSource - HikariCP - Start completed.
2020-12-28 14:59:15.103 [main] INFO  com.gmcc.yzcardmessage.service.impl.SendTradeMessageImpl - 本次记录待发送条数:0
2020-12-28 14:59:25.107 [main] INFO  com.gmcc.yzcardmessage.service.impl.SendTradeMessageImpl - 本次记录待发送条数:0
2020-12-28 14:59:35.110 [main] INFO  com.gmcc.yzcardmessage.service.impl.SendTradeMessageImpl - 本次记录待发送条数:0
2020-12-28 14:59:45.113 [main] INFO  com.gmcc.yzcardmessage.service.impl.SendTradeMessageImpl - 本次记录待发送条数:0
2020-12-28 14:59:55.116 [main] INFO  com.gmcc.yzcardmessage.service.impl.SendTradeMessageImpl - 本次记录待发送条数:0
2020-12-28 15:00:05.117 [main] INFO  com.gmcc.yzcardmessage.service.impl.SendTradeMessageImpl - 本次记录待发送条数:0
2020-12-28 15:00:15.119 [main] INFO  com.gmcc.yzcardmessage.service.impl.SendTradeMessageImpl - 本次记录待发送条数:0
2020-12-28 15:00:25.121 [main] INFO  com.gmcc.yzcardmessage.service.impl.SendTradeMessageImpl - 本次记录待发送条数:0
2020-12-28 15:00:35.123 [main] INFO  com.gmcc.yzcardmessage.service.impl.SendTradeMessageImpl - 本次记录待发送条数:0
2020-12-28 15:00:45.124 [main] INFO  com.gmcc.yzcardmessage.service.impl.SendTradeMessageImpl - 本次记录待发送条数:0
2020-12-28 15:00:55.126 [main] INFO  com.gmcc.yzcardmessage.service.impl.SendTradeMessageImpl - 本次记录待发送条数:0
2020-12-28 15:01:05.129 [main] INFO  com.gmcc.yzcardmessage.service.impl.SendTradeMessageImpl - 本次记录待发送条数:0
2020-12-28 15:01:15.131 [main] INFO  com.gmcc.yzcardmessage.service.impl.SendTradeMessageImpl - 本次记录待发送条数:0
2020-12-28 15:01:25.134 [main] INFO  com.gmcc.yzcardmessage.service.impl.SendTradeMessageImpl - 本次记录待发送条数:0
2020-12-28 15:01:35.135 [main] INFO  com.gmcc.yzcardmessage.service.impl.SendTradeMessageImpl - 本次记录待发送条数:0
2020-12-28 15:01:45.139 [main] INFO  com.gmcc.yzcardmessage.service.impl.SendTradeMessageImpl - 本次记录待发送条数:0
2020-12-28 15:01:55.140 [main] INFO  com.gmcc.yzcardmessage.service.impl.SendTradeMessageImpl - 本次记录待发送条数:0
2020-12-28 15:02:05.143 [main] INFO  com.gmcc.yzcardmessage.service.impl.SendTradeMessageImpl - 本次记录待发送条数:0
2020-12-28 15:02:15.145 [main] INFO  com.gmcc.yzcardmessage.service.impl.SendTradeMessageImpl - 本次记录待发送条数:0
2020-12-28 15:02:25.169 [main] INFO  com.gmcc.yzcardmessage.service.impl.SendTradeMessageImpl - 本次记录待发送条数:0
2020-12-28 15:02:35.187 [main] INFO  com.gmcc.yzcardmessage.service.impl.SendTradeMessageImpl - 本次记录待发送条数:0
2020-12-28 15:02:45.189 [main] INFO  com.gmcc.yzcardmessage.service.impl.SendTradeMessageImpl - 本次记录待发送条数:0
2020-12-28 15:02:55.191 [main] INFO  com.gmcc.yzcardmessage.service.impl.SendTradeMessageImpl - 本次记录待发送条数:0
2020-12-28 15:03:05.192 [main] INFO  com.gmcc.yzcardmessage.service.impl.SendTradeMessageImpl - 本次记录待发送条数:0
2020-12-28 15:03:15.194 [main] INFO  com.gmcc.yzcardmessage.service.impl.SendTradeMessageImpl - 本次记录待发送条数:0
2020-12-28 15:03:25.203 [main] INFO  com.gmcc.yzcardmessage.service.impl.SendTradeMessageImpl - 本次记录待发送条数:0
2020-12-28 15:03:35.212 [main] INFO  com.gmcc.yzcardmessage.service.impl.SendTradeMessageImpl - 本次记录待发送条数:0
2020-12-28 15:03:45.214 [main] INFO  com.gmcc.yzcardmessage.service.impl.SendTradeMessageImpl - 本次记录待发送条数:0
2020-12-28 15:03:55.217 [main] INFO  com.gmcc.yzcardmessage.service.impl.SendTradeMessageImpl - 本次记录待发送条数:0
2020-12-28 15:04:05.222 [main] INFO  com.gmcc.yzcardmessage.service.impl.SendTradeMessageImpl - 本次记录待发送条数:0
2020-12-28 15:04:15.224 [main] INFO  com.gmcc.yzcardmessage.service.impl.SendTradeMessageImpl - 本次记录待发送条数:0
2020-12-28 15:04:25.286 [main] INFO  com.gmcc.yzcardmessage.service.impl.SendTradeMessageImpl - 本次记录待发送条数:0
2020-12-28 15:04:35.289 [main] INFO  com.gmcc.yzcardmessage.service.impl.SendTradeMessageImpl - 本次记录待发送条数:0
2020-12-28 15:04:45.290 [main] INFO  com.gmcc.yzcardmessage.service.impl.SendTradeMessageImpl - 本次记录待发送条数:0
2020-12-28 15:04:55.292 [main] INFO  com.gmcc.yzcardmessage.service.impl.SendTradeMessageImpl - 本次记录待发送条数:0
2020-12-28 15:05:05.293 [main] INFO  com.gmcc.yzcardmessage.service.impl.SendTradeMessageImpl - 本次记录待发送条数:0
2020-12-28 15:05:15.297 [main] INFO  com.gmcc.yzcardmessage.service.impl.SendTradeMessageImpl - 本次记录待发送条数:0
2020-12-28 15:05:25.298 [main] INFO  com.gmcc.yzcardmessage.service.impl.SendTradeMessageImpl - 本次记录待发送条数:0
2020-12-28 15:05:35.300 [main] INFO  com.gmcc.yzcardmessage.service.impl.SendTradeMessageImpl - 本次记录待发送条数:0
2020-12-28 15:05:45.303 [main] INFO  com.gmcc.yzcardmessage.service.impl.SendTradeMessageImpl - 本次记录待发送条数:0
2020-12-28 15:05:55.304 [main] INFO  com.gmcc.yzcardmessage.service.impl.SendTradeMessageImpl - 本次记录待发送条数:0
2020-12-28 15:06:05.307 [main] INFO  com.gmcc.yzcardmessage.service.impl.SendTradeMessageImpl - 本次记录待发送条数:0
2020-12-28 15:06:15.308 [main] INFO  com.gmcc.yzcardmessage.service.impl.SendTradeMessageImpl - 本次记录待发送条数:0
2020-12-28 15:06:25.312 [main] INFO  com.gmcc.yzcardmessage.service.impl.SendTradeMessageImpl - 本次记录待发送条数:0
2020-12-28 15:06:35.313 [main] INFO  com.gmcc.yzcardmessage.service.impl.SendTradeMessageImpl - 本次记录待发送条数:0
2020-12-28 15:06:45.315 [main] INFO  com.gmcc.yzcardmessage.service.impl.SendTradeMessageImpl - 本次记录待发送条数:0
2020-12-28 15:06:55.317 [main] INFO  com.gmcc.yzcardmessage.service.impl.SendTradeMessageImpl - 本次记录待发送条数:0
2020-12-28 15:07:05.319 [main] INFO  com.gmcc.yzcardmessage.service.impl.SendTradeMessageImpl - 本次记录待发送条数:0
2020-12-28 15:07:15.324 [main] INFO  com.gmcc.yzcardmessage.service.impl.SendTradeMessageImpl - 本次记录待发送条数:0
2020-12-28 15:07:25.326 [main] INFO  com.gmcc.yzcardmessage.service.impl.SendTradeMessageImpl - 本次记录待发送条数:0
2020-12-28 15:07:35.329 [main] INFO  com.gmcc.yzcardmessage.service.impl.SendTradeMessageImpl - 本次记录待发送条数:0
2020-12-28 15:07:45.332 [main] INFO  com.gmcc.yzcardmessage.service.impl.SendTradeMessageImpl - 本次记录待发送条数:0
2020-12-28 15:07:55.334 [main] INFO  com.gmcc.yzcardmessage.service.impl.SendTradeMessageImpl - 本次记录待发送条数:0
2020-12-28 15:08:05.337 [main] INFO  com.gmcc.yzcardmessage.service.impl.SendTradeMessageImpl - 本次记录待发送条数:0
2020-12-28 15:08:15.338 [main] INFO  com.gmcc.yzcardmessage.service.impl.SendTradeMessageImpl - 本次记录待发送条数:0
2020-12-28 15:08:25.340 [main] INFO  com.gmcc.yzcardmessage.service.impl.SendTradeMessageImpl - 本次记录待发送条数:0
2020-12-28 15:08:35.341 [main] INFO  com.gmcc.yzcardmessage.service.impl.SendTradeMessageImpl - 本次记录待发送条数:0
2020-12-28 15:08:45.344 [main] INFO  com.gmcc.yzcardmessage.service.impl.SendTradeMessageImpl - 本次记录待发送条数:0
2020-12-28 15:08:55.345 [main] INFO  com.gmcc.yzcardmessage.service.impl.SendTradeMessageImpl - 本次记录待发送条数:0
2020-12-28 15:09:05.351 [main] INFO  com.gmcc.yzcardmessage.service.impl.SendTradeMessageImpl - 本次记录待发送条数:0
2020-12-28 15:09:15.353 [main] INFO  com.gmcc.yzcardmessage.service.impl.SendTradeMessageImpl - 本次记录待发送条数:0
2020-12-28 15:09:25.354 [main] INFO  com.gmcc.yzcardmessage.service.impl.SendTradeMessageImpl - 本次记录待发送条数:0
2020-12-28 15:09:35.357 [main] INFO  com.gmcc.yzcardmessage.service.impl.SendTradeMessageImpl - 本次记录待发送条数:0
2020-12-28 15:09:45.359 [main] INFO  com.gmcc.yzcardmessage.service.impl.SendTradeMessageImpl - 本次记录待发送条数:0
2020-12-28 15:09:55.361 [main] INFO  com.gmcc.yzcardmessage.service.impl.SendTradeMessageImpl - 本次记录待发送条数:0
2020-12-28 15:10:05.362 [main] INFO  com.gmcc.yzcardmessage.service.impl.SendTradeMessageImpl - 本次记录待发送条数:0
2020-12-28 15:10:15.364 [main] INFO  com.gmcc.yzcardmessage.service.impl.SendTradeMessageImpl - 本次记录待发送条数:0
2020-12-28 15:10:25.365 [main] INFO  com.gmcc.yzcardmessage.service.impl.SendTradeMessageImpl - 本次记录待发送条数:0
2020-12-28 15:10:35.367 [main] INFO  com.gmcc.yzcardmessage.service.impl.SendTradeMessageImpl - 本次记录待发送条数:0
2020-12-28 15:10:45.369 [main] INFO  com.gmcc.yzcardmessage.service.impl.SendTradeMessageImpl - 本次记录待发送条数:0
2020-12-28 15:10:55.370 [main] INFO  com.gmcc.yzcardmessage.service.impl.SendTradeMessageImpl - 本次记录待发送条数:0
2020-12-28 15:11:05.372 [main] INFO  com.gmcc.yzcardmessage.service.impl.SendTradeMessageImpl - 本次记录待发送条数:0
2020-12-28 15:11:15.373 [main] INFO  com.gmcc.yzcardmessage.service.impl.SendTradeMessageImpl - 本次记录待发送条数:0
2020-12-28 15:11:25.374 [main] INFO  com.gmcc.yzcardmessage.service.impl.SendTradeMessageImpl - 本次记录待发送条数:0
2020-12-28 15:11:35.377 [main] INFO  com.gmcc.yzcardmessage.service.impl.SendTradeMessageImpl - 本次记录待发送条数:0
2020-12-28 15:11:45.379 [main] INFO  com.gmcc.yzcardmessage.service.impl.SendTradeMessageImpl - 本次记录待发送条数:0
2020-12-28 15:11:55.381 [main] INFO  com.gmcc.yzcardmessage.service.impl.SendTradeMessageImpl - 本次记录待发送条数:0
2020-12-28 15:12:05.382 [main] INFO  com.gmcc.yzcardmessage.service.impl.SendTradeMessageImpl - 本次记录待发送条数:0
2020-12-28 15:12:15.385 [main] INFO  com.gmcc.yzcardmessage.service.impl.SendTradeMessageImpl - 本次记录待发送条数:0
2020-12-28 15:12:25.386 [main] INFO  com.gmcc.yzcardmessage.service.impl.SendTradeMessageImpl - 本次记录待发送条数:0
2020-12-28 15:12:35.388 [main] INFO  com.gmcc.yzcardmessage.service.impl.SendTradeMessageImpl - 本次记录待发送条数:0
2020-12-28 15:12:45.390 [main] INFO  com.gmcc.yzcardmessage.service.impl.SendTradeMessageImpl - 本次记录待发送条数:0
2020-12-28 15:12:55.391 [main] INFO  com.gmcc.yzcardmessage.service.impl.SendTradeMessageImpl - 本次记录待发送条数:0
2020-12-28 15:13:05.393 [main] INFO  com.gmcc.yzcardmessage.service.impl.SendTradeMessageImpl - 本次记录待发送条数:0
2020-12-28 15:13:15.397 [main] INFO  com.gmcc.yzcardmessage.service.impl.SendTradeMessageImpl - 本次记录待发送条数:0
2020-12-28 15:13:25.402 [main] INFO  com.gmcc.yzcardmessage.service.impl.SendTradeMessageImpl - 本次记录待发送条数:0
2020-12-28 15:13:35.403 [main] INFO  com.gmcc.yzcardmessage.service.impl.SendTradeMessageImpl - 本次记录待发送条数:0
2020-12-28 15:13:45.407 [main] INFO  com.gmcc.yzcardmessage.service.impl.SendTradeMessageImpl - 本次记录待发送条数:0
2020-12-28 15:44:47.569 [main] INFO  com.gmcc.yzcardmessage.YzcardmessageApplication - Starting YzcardmessageApplication on 3FBFOBOT04OG7VL with PID 10864 (D:\IDEASpace\yzcardmessage\target\classes started by Administrator in D:\IDEASpace\yzcardmessage)
2020-12-28 15:44:47.575 [main] INFO  com.gmcc.yzcardmessage.YzcardmessageApplication - The following profiles are active: dev
2020-12-28 15:44:47.672 [background-preinit] INFO  org.hibernate.validator.internal.util.Version - HV000001: Hibernate Validator 6.0.21.Final
2020-12-28 15:44:49.175 [main] INFO  org.springframework.boot.web.embedded.tomcat.TomcatWebServer - Tomcat initialized with port(s): 18091 (http)
2020-12-28 15:44:49.187 [main] INFO  org.apache.coyote.http11.Http11NioProtocol - Initializing ProtocolHandler ["http-nio-18091"]
2020-12-28 15:44:49.188 [main] INFO  org.apache.catalina.core.StandardService - Starting service [Tomcat]
2020-12-28 15:44:49.188 [main] INFO  org.apache.catalina.core.StandardEngine - Starting Servlet engine: [Apache Tomcat/9.0.41]
2020-12-28 15:44:49.322 [main] INFO  org.apache.catalina.core.ContainerBase.[Tomcat].[localhost].[/] - Initializing Spring embedded WebApplicationContext
2020-12-28 15:44:49.322 [main] INFO  org.springframework.boot.web.servlet.context.ServletWebServerApplicationContext - Root WebApplicationContext: initialization completed in 1491 ms
2020-12-28 15:44:50.161 [main] INFO  org.springframework.scheduling.concurrent.ThreadPoolTaskExecutor - Initializing ExecutorService 'applicationTaskExecutor'
2020-12-28 15:44:50.309 [main] INFO  org.springframework.scheduling.concurrent.ThreadPoolTaskScheduler - Initializing ExecutorService 'taskScheduler'
2020-12-28 15:44:50.354 [main] INFO  org.apache.coyote.http11.Http11NioProtocol - Starting ProtocolHandler ["http-nio-18091"]
2020-12-28 15:44:50.387 [main] INFO  org.springframework.boot.web.embedded.tomcat.TomcatWebServer - Tomcat started on port(s): 18091 (http) with context path ''
2020-12-28 15:44:50.391 [main] INFO  com.gmcc.yzcardmessage.YzcardmessageApplication - Started YzcardmessageApplication in 3.706 seconds (JVM running for 5.79)
2020-12-28 15:44:50.437 [main] INFO  com.zaxxer.hikari.HikariDataSource - HikariCP - Starting...
2020-12-28 15:44:51.590 [main] INFO  com.zaxxer.hikari.HikariDataSource - HikariCP - Start completed.
2020-12-28 15:44:51.674 [main] INFO  com.gmcc.yzcardmessage.service.impl.SendTradeMessageImpl - 本次记录待发送条数:0
2020-12-28 15:45:01.674 [main] INFO  com.gmcc.yzcardmessage.service.impl.SendTradeMessageImpl - 本次记录待发送条数:0
2020-12-28 15:45:11.676 [main] INFO  com.gmcc.yzcardmessage.service.impl.SendTradeMessageImpl - 本次记录待发送条数:0
2020-12-28 15:45:21.676 [main] INFO  com.gmcc.yzcardmessage.service.impl.SendTradeMessageImpl - 本次记录待发送条数:0
2020-12-28 15:45:30.060 [scheduling-1] INFO  com.gmcc.yzcardmessage.service.impl.DeleteTradeTask - 开始执行定时任务:
2020-12-28 15:45:30.061 [scheduling-1] INFO  com.gmcc.yzcardmessage.service.impl.DeleteTradeTask - 开始执行删除6天数据的定时任务
2020-12-28 15:45:30.268 [scheduling-1] INFO  com.gmcc.yzcardmessage.service.impl.DeleteTradeTask - 定时任务执行完成
2020-12-28 15:45:31.678 [main] INFO  com.gmcc.yzcardmessage.service.impl.SendTradeMessageImpl - 本次记录待发送条数:0
2020-12-28 15:45:41.679 [main] INFO  com.gmcc.yzcardmessage.service.impl.SendTradeMessageImpl - 本次记录待发送条数:0
2020-12-28 15:45:51.679 [main] INFO  com.gmcc.yzcardmessage.service.impl.SendTradeMessageImpl - 本次记录待发送条数:0
2020-12-28 15:46:12.749 [main] INFO  com.gmcc.yzcardmessage.YzcardmessageApplication - Starting YzcardmessageApplication on 3FBFOBOT04OG7VL with PID 12424 (D:\IDEASpace\yzcardmessage\target\classes started by Administrator in D:\IDEASpace\yzcardmessage)
2020-12-28 15:46:12.753 [main] INFO  com.gmcc.yzcardmessage.YzcardmessageApplication - The following profiles are active: dev
2020-12-28 15:46:13.024 [background-preinit] INFO  org.hibernate.validator.internal.util.Version - HV000001: Hibernate Validator 6.0.21.Final
2020-12-28 15:46:15.533 [main] INFO  org.springframework.boot.web.embedded.tomcat.TomcatWebServer - Tomcat initialized with port(s): 18091 (http)
2020-12-28 15:46:15.545 [main] INFO  org.apache.coyote.http11.Http11NioProtocol - Initializing ProtocolHandler ["http-nio-18091"]
2020-12-28 15:46:15.546 [main] INFO  org.apache.catalina.core.StandardService - Starting service [Tomcat]
2020-12-28 15:46:15.546 [main] INFO  org.apache.catalina.core.StandardEngine - Starting Servlet engine: [Apache Tomcat/9.0.41]
2020-12-28 15:46:15.724 [main] INFO  org.apache.catalina.core.ContainerBase.[Tomcat].[localhost].[/] - Initializing Spring embedded WebApplicationContext
2020-12-28 15:46:15.725 [main] INFO  org.springframework.boot.web.servlet.context.ServletWebServerApplicationContext - Root WebApplicationContext: initialization completed in 2769 ms
2020-12-28 15:46:16.599 [main] INFO  org.springframework.scheduling.concurrent.ThreadPoolTaskExecutor - Initializing ExecutorService 'applicationTaskExecutor'
2020-12-28 15:46:16.767 [main] INFO  org.springframework.scheduling.concurrent.ThreadPoolTaskScheduler - Initializing ExecutorService 'taskScheduler'
2020-12-28 15:46:16.817 [main] INFO  org.apache.coyote.http11.Http11NioProtocol - Starting ProtocolHandler ["http-nio-18091"]
2020-12-28 15:46:16.845 [main] INFO  org.springframework.boot.web.embedded.tomcat.TomcatWebServer - Tomcat started on port(s): 18091 (http) with context path ''
2020-12-28 15:46:16.848 [main] INFO  com.gmcc.yzcardmessage.YzcardmessageApplication - Started YzcardmessageApplication in 4.782 seconds (JVM running for 7.198)
2020-12-28 15:46:16.855 [main] INFO  com.zaxxer.hikari.HikariDataSource - HikariCP - Starting...
2020-12-28 15:46:18.273 [main] INFO  com.zaxxer.hikari.HikariDataSource - HikariCP - Start completed.
2020-12-28 15:46:18.347 [main] INFO  com.gmcc.yzcardmessage.service.impl.SendTradeMessageImpl - 本次记录待发送条数:0
2020-12-28 15:46:28.347 [main] INFO  com.gmcc.yzcardmessage.service.impl.SendTradeMessageImpl - 本次记录待发送条数:0
2020-12-28 15:46:38.348 [main] INFO  com.gmcc.yzcardmessage.service.impl.SendTradeMessageImpl - 本次记录待发送条数:0
2020-12-28 15:46:48.348 [main] INFO  com.gmcc.yzcardmessage.service.impl.SendTradeMessageImpl - 本次记录待发送条数:0
2020-12-28 15:46:58.349 [main] INFO  com.gmcc.yzcardmessage.service.impl.SendTradeMessageImpl - 本次记录待发送条数:0
2020-12-28 15:47:08.350 [main] INFO  com.gmcc.yzcardmessage.service.impl.SendTradeMessageImpl - 本次记录待发送条数:0
2020-12-28 15:47:18.350 [main] INFO  com.gmcc.yzcardmessage.service.impl.SendTradeMessageImpl - 本次记录待发送条数:0
2020-12-28 15:47:28.351 [main] INFO  com.gmcc.yzcardmessage.service.impl.SendTradeMessageImpl - 本次记录待发送条数:0
2020-12-28 15:47:30.013 [scheduling-1] INFO  com.gmcc.yzcardmessage.service.impl.DeleteTradeTask - 开始执行定时任务:
2020-12-28 15:47:30.014 [scheduling-1] INFO  com.gmcc.yzcardmessage.service.impl.DeleteTradeTask - 开始执行删除6天数据的定时任务
2020-12-28 15:47:30.015 [scheduling-1] INFO  com.gmcc.yzcardmessage.service.impl.DeleteTradeTask - 定时任务执行完成
2020-12-28 15:47:38.351 [main] INFO  com.gmcc.yzcardmessage.service.impl.SendTradeMessageImpl - 本次记录待发送条数:0
2020-12-28 15:47:48.352 [main] INFO  com.gmcc.yzcardmessage.service.impl.SendTradeMessageImpl - 本次记录待发送条数:0
2020-12-28 15:47:58.352 [main] INFO  com.gmcc.yzcardmessage.service.impl.SendTradeMessageImpl - 本次记录待发送条数:0
