2021-03-24 15:25:09.069 [background-preinit] INFO  org.hibernate.validator.internal.util.Version - HV000001: Hibernate Validator 6.0.21.Final
2021-03-24 15:25:09.079 [main] INFO  com.gmcc.yzcardmessage.YzcardmessageApplication - Starting YzcardmessageApplication on 3FBFOBOT04OG7VL with PID 10216 (D:\IDEASpace\yzcardmessage\target\classes started by Administrator in D:\IDEASpace\yzcardmessage)
2021-03-24 15:25:09.080 [main] INFO  com.gmcc.yzcardmessage.YzcardmessageApplication - The following profiles are active: dev
2021-03-24 15:25:11.719 [main] INFO  org.springframework.boot.web.embedded.tomcat.TomcatWebServer - Tomcat initialized with port(s): 18091 (http)
2021-03-24 15:25:11.728 [main] INFO  org.apache.coyote.http11.Http11NioProtocol - Initializing ProtocolHandler ["http-nio-18091"]
2021-03-24 15:25:11.729 [main] INFO  org.apache.catalina.core.StandardService - Starting service [Tomcat]
2021-03-24 15:25:11.729 [main] INFO  org.apache.catalina.core.StandardEngine - Starting Servlet engine: [Apache Tomcat/9.0.41]
2021-03-24 15:25:11.844 [main] INFO  org.apache.catalina.core.ContainerBase.[Tomcat].[localhost].[/] - Initializing Spring embedded WebApplicationContext
2021-03-24 15:25:11.845 [main] INFO  org.springframework.boot.web.servlet.context.ServletWebServerApplicationContext - Root WebApplicationContext: initialization completed in 2610 ms
2021-03-24 15:25:12.768 [main] INFO  org.springframework.scheduling.concurrent.ThreadPoolTaskExecutor - Initializing ExecutorService 'applicationTaskExecutor'
2021-03-24 15:25:12.913 [main] INFO  org.springframework.scheduling.concurrent.ThreadPoolTaskScheduler - Initializing ExecutorService 'taskScheduler'
2021-03-24 15:25:12.973 [main] INFO  org.apache.coyote.http11.Http11NioProtocol - Starting ProtocolHandler ["http-nio-18091"]
2021-03-24 15:25:12.999 [main] INFO  org.springframework.boot.web.embedded.tomcat.TomcatWebServer - Tomcat started on port(s): 18091 (http) with context path ''
2021-03-24 15:25:13.001 [main] INFO  com.gmcc.yzcardmessage.YzcardmessageApplication - Started YzcardmessageApplication in 4.769 seconds (JVM running for 7.22)
2021-03-24 15:25:13.021 [main] INFO  com.zaxxer.hikari.HikariDataSource - HikariCP - Starting...
2021-03-24 15:25:14.228 [main] INFO  com.zaxxer.hikari.HikariDataSource - HikariCP - Start completed.
2021-03-24 15:25:14.371 [main] INFO  com.gmcc.yzcardmessage.service.impl.SendTradeMessageImpl - 本次记录待发送条数:40
2021-03-24 15:25:15.473 [main] INFO  org.springframework.boot.autoconfigure.logging.ConditionEvaluationReportLoggingListener - 

Error starting ApplicationContext. To display the conditions report re-run your application with 'debug' enabled.
2021-03-24 15:25:15.529 [main] ERROR org.springframework.boot.SpringApplication - Application run failed
java.lang.IllegalStateException: Failed to execute CommandLineRunner
	at org.springframework.boot.SpringApplication.callRunner(SpringApplication.java:787)
	at org.springframework.boot.SpringApplication.callRunners(SpringApplication.java:768)
	at org.springframework.boot.SpringApplication.run(SpringApplication.java:322)
	at org.springframework.boot.SpringApplication.run(SpringApplication.java:1226)
	at org.springframework.boot.SpringApplication.run(SpringApplication.java:1215)
	at com.gmcc.yzcardmessage.YzcardmessageApplication.main(YzcardmessageApplication.java:16)
Caused by: java.io.IOException: 发送 POST 请求出现异常！java.net.ConnectException: Connection refused: connect
	at java.net.DualStackPlainSocketImpl.waitForConnect(Native Method)
	at java.net.DualStackPlainSocketImpl.socketConnect(DualStackPlainSocketImpl.java:85)
	at java.net.AbstractPlainSocketImpl.doConnect(AbstractPlainSocketImpl.java:350)
	at java.net.AbstractPlainSocketImpl.connectToAddress(AbstractPlainSocketImpl.java:206)
	at java.net.AbstractPlainSocketImpl.connect(AbstractPlainSocketImpl.java:188)
	at java.net.PlainSocketImpl.connect(PlainSocketImpl.java:172)
	at java.net.SocksSocketImpl.connect(SocksSocketImpl.java:392)
	at java.net.Socket.connect(Socket.java:589)
	at sun.net.NetworkClient.doConnect(NetworkClient.java:178)
	at sun.net.www.http.HttpClient.openServer(HttpClient.java:432)
	at sun.net.www.http.HttpClient.openServer(HttpClient.java:527)
	at sun.net.www.http.HttpClient.<init>(HttpClient.java:211)
	at sun.net.www.http.HttpClient.New(HttpClient.java:308)
	at sun.net.www.http.HttpClient.New(HttpClient.java:326)
	at sun.net.www.protocol.http.HttpURLConnection.getNewHttpClient(HttpURLConnection.java:1202)
	at sun.net.www.protocol.http.HttpURLConnection.plainConnect0(HttpURLConnection.java:1138)
	at sun.net.www.protocol.http.HttpURLConnection.plainConnect(HttpURLConnection.java:1032)
	at sun.net.www.protocol.http.HttpURLConnection.connect(HttpURLConnection.java:966)
	at sun.net.www.protocol.http.HttpURLConnection.getOutputStream0(HttpURLConnection.java:1316)
	at sun.net.www.protocol.http.HttpURLConnection.getOutputStream(HttpURLConnection.java:1291)
	at com.gmcc.yzcardmessage.util.HttpUtil.sendPostForGongAn(HttpUtil.java:534)
	at com.gmcc.yzcardmessage.service.impl.SendTradeMessageImpl.sendGongAnTradeMessage(SendTradeMessageImpl.java:118)
	at com.gmcc.yzcardmessage.YzcardmessageApplication.run(YzcardmessageApplication.java:22)
	at org.springframework.boot.SpringApplication.callRunner(SpringApplication.java:784)
	at org.springframework.boot.SpringApplication.callRunners(SpringApplication.java:768)
	at org.springframework.boot.SpringApplication.run(SpringApplication.java:322)
	at org.springframework.boot.SpringApplication.run(SpringApplication.java:1226)
	at org.springframework.boot.SpringApplication.run(SpringApplication.java:1215)
	at com.gmcc.yzcardmessage.YzcardmessageApplication.main(YzcardmessageApplication.java:16)

	at com.gmcc.yzcardmessage.service.impl.SendTradeMessageImpl.sendGongAnTradeMessage(SendTradeMessageImpl.java:123)
	at com.gmcc.yzcardmessage.YzcardmessageApplication.run(YzcardmessageApplication.java:22)
	at org.springframework.boot.SpringApplication.callRunner(SpringApplication.java:784)
	... 5 common frames omitted
2021-03-24 15:25:15.541 [main] INFO  org.springframework.scheduling.concurrent.ThreadPoolTaskScheduler - Shutting down ExecutorService 'taskScheduler'
2021-03-24 15:25:15.542 [main] INFO  org.springframework.scheduling.concurrent.ThreadPoolTaskExecutor - Shutting down ExecutorService 'applicationTaskExecutor'
2021-03-24 15:25:15.543 [main] INFO  com.zaxxer.hikari.HikariDataSource - HikariCP - Shutdown initiated...
2021-03-24 15:25:15.550 [main] INFO  com.zaxxer.hikari.HikariDataSource - HikariCP - Shutdown completed.
